<?xml version="1.0" encoding="UTF-8"?>
<!-- Generated by org.testng.reporters.JUnitReportReporter -->
<testsuite hostname="DESKTOP-0JG2CHN" failures="0" tests="1" name="com.training.sanity.tests.LoginTests" time="7.565" errors="0" timestamp="2020-02-13T10:27:43 IST" skipped="0">
  <testcase classname="com.training.sanity.tests.LoginTests" name="validLoginTest" time="7.565"/>
</testsuite> <!-- com.training.sanity.tests.LoginTests -->
