<?xml version="1.0" encoding="UTF-8"?>
<!-- Generated by org.testng.reporters.JUnitReportReporter -->
<testsuite hostname="DESKTOP-0JG2CHN" failures="0" tests="5" name="com.training.sanity.tests.DeleteFeatureTest" time="36.785" errors="0" timestamp="2020-02-18T16:18:20 IST" skipped="0">
  <testcase classname="com.training.sanity.tests.DeleteFeatureTest" name="validLoginTest" time="6.639"/>
  <testcase classname="com.training.sanity.tests.DeleteFeatureTest" name="clickPropBtn" time="10.926"/>
  <testcase classname="com.training.sanity.tests.DeleteFeatureTest" name="clickFeaturesBtn" time="9.320"/>
  <testcase classname="com.training.sanity.tests.DeleteFeatureTest" name="searchSelectFeature" time="4.124"/>
  <testcase classname="com.training.sanity.tests.DeleteFeatureTest" name="deleteFeature" time="5.776"/>
</testsuite> <!-- com.training.sanity.tests.DeleteFeatureTest -->
