<?xml version="1.0" encoding="UTF-8"?>
<!-- Generated by org.testng.reporters.JUnitReportReporter -->
<testsuite hostname="DESKTOP-0JG2CHN" failures="0" tests="5" name="com.training.sanity.tests.AddNewFeatureTest" time="38.779" errors="0" timestamp="2020-02-18T12:49:39 IST" skipped="0">
  <testcase classname="com.training.sanity.tests.AddNewFeatureTest" name="validLoginTest" time="6.127"/>
  <testcase classname="com.training.sanity.tests.AddNewFeatureTest" name="clickPropBtn" time="10.556"/>
  <testcase classname="com.training.sanity.tests.AddNewFeatureTest" name="clickFeaturesBtn" time="8.709"/>
  <testcase classname="com.training.sanity.tests.AddNewFeatureTest" name="addNewFeature" time="9.711"/>
  <testcase classname="com.training.sanity.tests.AddNewFeatureTest" name="verifyAddNewFeature" time="3.676"/>
</testsuite> <!-- com.training.sanity.tests.AddNewFeatureTest -->
