<?xml version="1.0" encoding="UTF-8"?>
<!-- Generated by org.testng.reporters.JUnitReportReporter -->
<testsuite hostname="DESKTOP-0JG2CHN" failures="0" tests="6" name="com.training.sanity.tests.PropertiesTest" time="43.172" errors="0" timestamp="2020-02-17T10:20:16 IST" skipped="0">
  <testcase classname="com.training.sanity.tests.PropertiesTest" name="validLoginTest" time="5.227"/>
  <testcase classname="com.training.sanity.tests.PropertiesTest" name="clickPropBtn" time="10.056"/>
  <testcase classname="com.training.sanity.tests.PropertiesTest" name="clickAllPropBtn" time="7.910"/>
  <testcase classname="com.training.sanity.tests.PropertiesTest" name="selectPropToBeDeleted" time="5.539"/>
  <testcase classname="com.training.sanity.tests.PropertiesTest" name="selectOptionMoveToTrash" time="5.652"/>
  <testcase classname="com.training.sanity.tests.PropertiesTest" name="clickApplyBtn" time="8.788"/>
</testsuite> <!-- com.training.sanity.tests.PropertiesTest -->
