<?xml version="1.0" encoding="UTF-8"?>
<!-- Generated by org.testng.reporters.JUnitReportReporter -->
<testsuite hostname="DESKTOP-0JG2CHN" failures="0" tests="5" name="com.training.sanity.tests.AddNewRegionTest" time="44.081" errors="0" timestamp="2020-02-18T16:35:19 IST" skipped="0">
  <testcase classname="com.training.sanity.tests.AddNewRegionTest" name="validLoginTest" time="7.834"/>
  <testcase classname="com.training.sanity.tests.AddNewRegionTest" name="clickPropBtn" time="11.066"/>
  <testcase classname="com.training.sanity.tests.AddNewRegionTest" name="clickRegionsBtn" time="9.785"/>
  <testcase classname="com.training.sanity.tests.AddNewRegionTest" name="addNewRegion" time="10.993"/>
  <testcase classname="com.training.sanity.tests.AddNewRegionTest" name="verifyAddNewRegion" time="4.403"/>
</testsuite> <!-- com.training.sanity.tests.AddNewRegionTest -->
